[2020-08-01 06:15:56.803] [exthost] [info] extension host started
[2020-08-01 06:15:56.858] [exthost] [info] ExtensionService#_doActivateExtension vscode.debug-auto-launch {"startup":true,"extensionId":{"value":"vscode.debug-auto-launch","_lower":"vscode.debug-auto-launch"},"activationEvent":"*"}
[2020-08-01 06:15:56.859] [exthost] [info] ExtensionService#loadCommonJSModule file:///home/ubuntu/.vscode-server/bin/91899dcef7b8110878ea59626991a18c8a6a1b3e/extensions/debug-auto-launch/dist/extension
[2020-08-01 06:15:56.864] [exthost] [info] ExtensionService#_doActivateExtension vscode.emmet {"startup":true,"extensionId":{"value":"vscode.emmet","_lower":"vscode.emmet"},"activationEvent":"*"}
[2020-08-01 06:15:56.864] [exthost] [info] ExtensionService#loadCommonJSModule file:///home/ubuntu/.vscode-server/bin/91899dcef7b8110878ea59626991a18c8a6a1b3e/extensions/emmet/dist/extension
[2020-08-01 06:15:56.889] [exthost] [info] ExtensionService#_doActivateExtension vscode.git {"startup":true,"extensionId":{"value":"vscode.github","_lower":"vscode.github"},"activationEvent":"*"}
[2020-08-01 06:15:56.889] [exthost] [info] ExtensionService#loadCommonJSModule file:///home/ubuntu/.vscode-server/bin/91899dcef7b8110878ea59626991a18c8a6a1b3e/extensions/git/dist/main
[2020-08-01 06:15:56.940] [exthost] [info] ExtensionService#_doActivateExtension vscode.github-authentication {"startup":true,"extensionId":{"value":"vscode.github-authentication","_lower":"vscode.github-authentication"},"activationEvent":"*"}
[2020-08-01 06:15:56.940] [exthost] [info] ExtensionService#loadCommonJSModule file:///home/ubuntu/.vscode-server/bin/91899dcef7b8110878ea59626991a18c8a6a1b3e/extensions/github-authentication/dist/extension.js
[2020-08-01 06:15:56.954] [exthost] [info] ExtensionService#_doActivateExtension vscode.merge-conflict {"startup":true,"extensionId":{"value":"vscode.merge-conflict","_lower":"vscode.merge-conflict"},"activationEvent":"*"}
[2020-08-01 06:15:56.954] [exthost] [info] ExtensionService#loadCommonJSModule file:///home/ubuntu/.vscode-server/bin/91899dcef7b8110878ea59626991a18c8a6a1b3e/extensions/merge-conflict/dist/mergeConflictMain
[2020-08-01 06:15:56.958] [exthost] [info] ExtensionService#_doActivateExtension vscode.microsoft-authentication {"startup":true,"extensionId":{"value":"vscode.microsoft-authentication","_lower":"vscode.microsoft-authentication"},"activationEvent":"*"}
[2020-08-01 06:15:56.958] [exthost] [info] ExtensionService#loadCommonJSModule file:///home/ubuntu/.vscode-server/bin/91899dcef7b8110878ea59626991a18c8a6a1b3e/extensions/microsoft-authentication/dist/extension.js
[2020-08-01 06:15:56.970] [exthost] [info] ExtensionService#_doActivateExtension vscode.search-result {"startup":true,"extensionId":{"value":"vscode.search-result","_lower":"vscode.search-result"},"activationEvent":"*"}
[2020-08-01 06:15:56.970] [exthost] [info] ExtensionService#loadCommonJSModule file:///home/ubuntu/.vscode-server/bin/91899dcef7b8110878ea59626991a18c8a6a1b3e/extensions/search-result/dist/extension.js
[2020-08-01 06:15:57.121] [exthost] [info] ExtensionService#_doActivateExtension vscode.github {"startup":true,"extensionId":{"value":"vscode.github","_lower":"vscode.github"},"activationEvent":"*"}
[2020-08-01 06:15:57.121] [exthost] [info] ExtensionService#loadCommonJSModule file:///home/ubuntu/.vscode-server/bin/91899dcef7b8110878ea59626991a18c8a6a1b3e/extensions/github/dist/extension.js
[2020-08-01 06:15:57.192] [exthost] [info] eager extensions activated
[2020-08-01 06:15:57.818] [exthost] [info] ExtensionService#_doActivateExtension vscode.configuration-editing {"startup":false,"extensionId":{"value":"vscode.configuration-editing","_lower":"vscode.configuration-editing"},"activationEvent":"onLanguage:jsonc"}
[2020-08-01 06:15:57.818] [exthost] [info] ExtensionService#loadCommonJSModule file:///home/ubuntu/.vscode-server/bin/91899dcef7b8110878ea59626991a18c8a6a1b3e/extensions/configuration-editing/dist/configurationEditingMain
[2020-08-01 06:15:57.822] [exthost] [info] ExtensionService#_doActivateExtension vscode.json-language-features {"startup":false,"extensionId":{"value":"vscode.json-language-features","_lower":"vscode.json-language-features"},"activationEvent":"onLanguage:jsonc"}
[2020-08-01 06:15:57.822] [exthost] [info] ExtensionService#loadCommonJSModule file:///home/ubuntu/.vscode-server/bin/91899dcef7b8110878ea59626991a18c8a6a1b3e/extensions/json-language-features/client/dist/node/jsonClientMain
[2020-08-01 06:15:57.863] [exthost] [info] ExtensionService#_doActivateExtension vscode.typescript-language-features {"startup":false,"extensionId":{"value":"vscode.typescript-language-features","_lower":"vscode.typescript-language-features"},"activationEvent":"onLanguage:jsonc"}
[2020-08-01 06:15:57.863] [exthost] [info] ExtensionService#loadCommonJSModule file:///home/ubuntu/.vscode-server/bin/91899dcef7b8110878ea59626991a18c8a6a1b3e/extensions/typescript-language-features/dist/extension
