[2020-08-05 04:33:03.577] [exthost] [info] extension host started
[2020-08-05 04:33:03.753] [exthost] [info] ExtensionService#_doActivateExtension timonwong.ansible-autocomplete {"startup":false,"extensionId":{"value":"timonwong.ansible-autocomplete","_lower":"timonwong.ansible-autocomplete"},"activationEvent":"onLanguage:yaml"}
[2020-08-05 04:33:03.755] [exthost] [info] ExtensionService#loadCommonJSModule file:///home/ubuntu/.vscode-server/extensions/timonwong.ansible-autocomplete-0.0.2/out/src/extension
[2020-08-05 04:33:03.763] [exthost] [info] ExtensionService#_doActivateExtension vscode.debug-auto-launch {"startup":true,"extensionId":{"value":"vscode.debug-auto-launch","_lower":"vscode.debug-auto-launch"},"activationEvent":"*"}
[2020-08-05 04:33:03.764] [exthost] [info] ExtensionService#loadCommonJSModule file:///home/ubuntu/.vscode-server/bin/91899dcef7b8110878ea59626991a18c8a6a1b3e/extensions/debug-auto-launch/dist/extension
[2020-08-05 04:33:03.768] [exthost] [info] ExtensionService#_doActivateExtension vscode.emmet {"startup":true,"extensionId":{"value":"vscode.emmet","_lower":"vscode.emmet"},"activationEvent":"*"}
[2020-08-05 04:33:03.768] [exthost] [info] ExtensionService#loadCommonJSModule file:///home/ubuntu/.vscode-server/bin/91899dcef7b8110878ea59626991a18c8a6a1b3e/extensions/emmet/dist/extension
[2020-08-05 04:33:03.798] [exthost] [info] ExtensionService#_doActivateExtension vscode.git {"startup":true,"extensionId":{"value":"vscode.github","_lower":"vscode.github"},"activationEvent":"*"}
[2020-08-05 04:33:03.799] [exthost] [info] ExtensionService#loadCommonJSModule file:///home/ubuntu/.vscode-server/bin/91899dcef7b8110878ea59626991a18c8a6a1b3e/extensions/git/dist/main
[2020-08-05 04:33:03.845] [exthost] [info] ExtensionService#_doActivateExtension vscode.github-authentication {"startup":true,"extensionId":{"value":"vscode.github-authentication","_lower":"vscode.github-authentication"},"activationEvent":"*"}
[2020-08-05 04:33:03.846] [exthost] [info] ExtensionService#loadCommonJSModule file:///home/ubuntu/.vscode-server/bin/91899dcef7b8110878ea59626991a18c8a6a1b3e/extensions/github-authentication/dist/extension.js
[2020-08-05 04:33:03.861] [exthost] [info] ExtensionService#_doActivateExtension vscode.merge-conflict {"startup":true,"extensionId":{"value":"vscode.merge-conflict","_lower":"vscode.merge-conflict"},"activationEvent":"*"}
[2020-08-05 04:33:03.862] [exthost] [info] ExtensionService#loadCommonJSModule file:///home/ubuntu/.vscode-server/bin/91899dcef7b8110878ea59626991a18c8a6a1b3e/extensions/merge-conflict/dist/mergeConflictMain
[2020-08-05 04:33:03.865] [exthost] [info] ExtensionService#_doActivateExtension vscode.microsoft-authentication {"startup":true,"extensionId":{"value":"vscode.microsoft-authentication","_lower":"vscode.microsoft-authentication"},"activationEvent":"*"}
[2020-08-05 04:33:03.866] [exthost] [info] ExtensionService#loadCommonJSModule file:///home/ubuntu/.vscode-server/bin/91899dcef7b8110878ea59626991a18c8a6a1b3e/extensions/microsoft-authentication/dist/extension.js
[2020-08-05 04:33:03.878] [exthost] [info] ExtensionService#_doActivateExtension vscode.search-result {"startup":true,"extensionId":{"value":"vscode.search-result","_lower":"vscode.search-result"},"activationEvent":"*"}
[2020-08-05 04:33:03.879] [exthost] [info] ExtensionService#loadCommonJSModule file:///home/ubuntu/.vscode-server/bin/91899dcef7b8110878ea59626991a18c8a6a1b3e/extensions/search-result/dist/extension.js
[2020-08-05 04:33:03.979] [exthost] [info] Extension 'timonwong.ansible-autocomplete' uses a document selector without scheme. Learn more about this: https://go.microsoft.com/fwlink/?linkid=872305
[2020-08-05 04:33:04.494] [exthost] [info] ExtensionService#_doActivateExtension vscode.github {"startup":true,"extensionId":{"value":"vscode.github","_lower":"vscode.github"},"activationEvent":"*"}
[2020-08-05 04:33:04.494] [exthost] [info] ExtensionService#loadCommonJSModule file:///home/ubuntu/.vscode-server/bin/91899dcef7b8110878ea59626991a18c8a6a1b3e/extensions/github/dist/extension.js
[2020-08-05 04:33:04.591] [exthost] [info] eager extensions activated
